<?xml version="1.0" encoding="UTF-8"?>
<!-- Generated by org.testng.reporters.JUnitReportReporter -->
<testsuite hostname="DESKTOP-TG7PT2T" failures="0" tests="1" name="testscript.HomeTest" time="7.398" errors="0" timestamp="2025-09-18T16:41:43 IST" skipped="0">
  <testcase classname="testscript.HomeTest" name="verifyUserWithValidCredenetials" time="7.398"/>
</testsuite> <!-- testscript.HomeTest -->
