<?xml version="1.0" encoding="UTF-8"?>
<!-- Generated by org.testng.reporters.JUnitReportReporter -->
<testsuite hostname="DESKTOP-TG7PT2T" failures="0" tests="1" name="testscript.LoginTest" time="19.330" errors="0" timestamp="2025-09-30T09:53:05 IST" skipped="0">
  <testcase classname="testscript.LoginTest" name="verifyUserWithValidCredenetials" time="19.330"/>
</testsuite> <!-- testscript.LoginTest -->
