<?xml version="1.0" encoding="UTF-8"?>
<!-- Generated by org.testng.reporters.JUnitReportReporter -->
<testsuite hostname="DESKTOP-TG7PT2T" failures="0" tests="1" name="testscript.HomeTest" time="3.827" errors="0" timestamp="2025-09-22T10:03:04 IST" skipped="0">
  <testcase classname="testscript.HomeTest" name="verifyUserIsAbleToLogOut" time="3.827"/>
</testsuite> <!-- testscript.HomeTest -->
