<?xml version="1.0" encoding="UTF-8"?>
<!-- Generated by org.testng.reporters.JUnitReportReporter -->
<testsuite hostname="DESKTOP-TG7PT2T" failures="0" tests="1" name="testscript.HomeTest" time="3.999" errors="0" timestamp="2025-09-14T19:37:31 IST" skipped="0">
  <testcase classname="testscript.HomeTest" name="verifyUserWithValidCredenetials" time="3.999"/>
</testsuite> <!-- testscript.HomeTest -->
