<?xml version="1.0" encoding="UTF-8"?>
<!-- Generated by org.testng.reporters.JUnitReportReporter -->
<testsuite hostname="DESKTOP-TG7PT2T" failures="0" tests="1" name="testscript.LoginTest" time="9.838" errors="0" timestamp="2025-09-17T17:15:02 IST" skipped="0">
  <testcase classname="testscript.LoginTest" name="verifyUserWithValidCredenetials" time="9.838"/>
</testsuite> <!-- testscript.LoginTest -->
