<?xml version="1.0" encoding="UTF-8"?>
<!-- Generated by org.testng.reporters.JUnitReportReporter -->
<testsuite hostname="DESKTOP-TG7PT2T" failures="0" tests="1" name="testscript.AdminTest" time="9.178" errors="0" timestamp="2025-09-17T18:36:26 IST" skipped="0">
  <testcase classname="testscript.AdminTest" name="verifyUserIsAbleToReset" time="9.178"/>
</testsuite> <!-- testscript.AdminTest -->
