<?xml version="1.0" encoding="UTF-8"?>
<!-- Generated by org.testng.reporters.JUnitReportReporter -->
<testsuite hostname="DESKTOP-TG7PT2T" failures="0" tests="3" name="testscript.AdminTest" time="16.787" errors="0" timestamp="2025-09-26T09:53:19 IST" skipped="0">
  <testcase classname="testscript.AdminTest" name="verifyUserIsAbleToAddNewUser" time="5.514"/>
  <testcase classname="testscript.AdminTest" name="verifyUserIsAbleToSearchUser" time="3.593"/>
  <testcase classname="testscript.AdminTest" name="verifyUserIsAbleToReset" time="7.680"/>
</testsuite> <!-- testscript.AdminTest -->
