<?xml version="1.0" encoding="UTF-8"?>
<!-- Generated by org.testng.reporters.JUnitReportReporter -->
<testsuite hostname="DESKTOP-TG7PT2T" failures="0" tests="1" name="testscript.LoginTest" time="3.750" errors="0" timestamp="2025-09-11T17:58:18 IST" skipped="0">
  <testcase classname="testscript.LoginTest" name="verifyLoginWithInValidCredentials" time="3.750"/>
</testsuite> <!-- testscript.LoginTest -->
