<?xml version="1.0" encoding="UTF-8"?>
<!-- Generated by org.testng.reporters.JUnitReportReporter -->
<testsuite hostname="DESKTOP-TG7PT2T" failures="0" tests="3" name="testscript.ManageNewsTest" time="14.847" errors="0" timestamp="2025-09-26T09:54:52 IST" skipped="0">
  <testcase classname="testscript.ManageNewsTest" name="verifyUserIsAbleToAddNewNews" time="4.436"/>
  <testcase classname="testscript.ManageNewsTest" name="verifyUserIsAbleToSearchNews" time="2.816"/>
  <testcase classname="testscript.ManageNewsTest" name="verifyUserIsAbleToReset" time="7.595"/>
</testsuite> <!-- testscript.ManageNewsTest -->
