<?xml version="1.0" encoding="UTF-8"?>
<!-- Generated by org.testng.reporters.JUnitReportReporter -->
<testsuite hostname="DESKTOP-TG7PT2T" failures="0" tests="1" name="testscript.LoginTest" time="7.307" errors="0" timestamp="2025-09-25T12:49:04 IST" skipped="0">
  <testcase classname="testscript.LoginTest" name="verifyUserWithValidCredenetials" time="7.307"/>
</testsuite> <!-- testscript.LoginTest -->
