<?xml version="1.0" encoding="UTF-8"?>
<!-- Generated by org.testng.reporters.JUnitReportReporter -->
<testsuite hostname="DESKTOP-TG7PT2T" failures="0" tests="1" name="testscript.ManageNewsTest" time="9.625" errors="0" timestamp="2025-09-17T20:08:20 IST" skipped="0">
  <testcase classname="testscript.ManageNewsTest" name="verifyUserIsAbleToReset" time="9.625"/>
</testsuite> <!-- testscript.ManageNewsTest -->
