<?xml version="1.0" encoding="UTF-8"?>
<!-- Generated by org.testng.reporters.JUnitReportReporter -->
<testsuite hostname="DESKTOP-TG7PT2T" failures="0" tests="3" name="testscript.HomeTest" time="12.714" errors="0" timestamp="2025-09-23T09:02:27 IST" skipped="0">
  <testcase classname="testscript.HomeTest" name="verifyUserIsAbleToLogOut" time="6.205"/>
  <testcase classname="testscript.HomeTest" name="verifyUserIsAbleToLogOut" time="4.266"/>
  <testcase classname="testscript.HomeTest" name="verifyUserIsAbleToLogOut" time="2.243"/>
</testsuite> <!-- testscript.HomeTest -->
