<?xml version="1.0" encoding="UTF-8"?>
<!-- Generated by org.testng.reporters.JUnitReportReporter -->
<testsuite hostname="DESKTOP-TG7PT2T" failures="0" tests="1" name="testscript.HomeTest" time="4.492" errors="0" timestamp="2025-09-26T09:14:26 IST" skipped="0">
  <testcase classname="testscript.HomeTest" name="verifyUserIsAbleToLogOut" time="4.492"/>
</testsuite> <!-- testscript.HomeTest -->
